<?xml version="1.0" encoding="UTF-8"?>
<!-- Generated by org.testng.reporters.JUnitReportReporter -->
<testsuite skipped="0" hostname="NANI" name="qsp.BronkenLinks" tests="1" failures="0" timestamp="06 Dec 2019 06:23:19 GMT" time="1.328" errors="0">
  <testcase name="Broken" time="1.328" classname="qsp.BronkenLinks"/>
</testsuite> <!-- qsp.BronkenLinks -->
