<?xml version="1.0" encoding="UTF-8"?>
<!-- Generated by org.testng.reporters.JUnitReportReporter -->
<testsuite skipped="0" hostname="NANI" name="qsp.Images" tests="1" failures="0" timestamp="07 Dec 2019 06:39:23 GMT" time="47.279" errors="0">
  <testcase name="test" time="47.279" classname="qsp.Images"/>
</testsuite> <!-- qsp.Images -->
