<?xml version="1.0" encoding="UTF-8"?>
<!-- Generated by org.testng.reporters.JUnitReportReporter -->
<testsuite skipped="0" hostname="NANI" name="qsp.Svg1" tests="1" failures="0" timestamp="06 Dec 2019 06:03:55 GMT" time="19.291" errors="0">
  <testcase name="Circle" time="19.291" classname="qsp.Svg1"/>
</testsuite> <!-- qsp.Svg1 -->
