<?xml version="1.0" encoding="UTF-8"?>
<!-- Generated by org.testng.reporters.JUnitReportReporter -->
<testsuite skipped="0" hostname="NANI" name="qsp.Demo" tests="1" failures="0" timestamp="04 Dec 2019 07:41:41 GMT" time="53.689" errors="0">
  <testcase name="testA" time="53.689" classname="qsp.Demo"/>
</testsuite> <!-- qsp.Demo -->
