<?xml version="1.0" encoding="UTF-8"?>
<!-- Generated by org.testng.reporters.JUnitReportReporter -->
<testsuite skipped="0" hostname="NANI" name="qsp.Svg" tests="1" failures="0" timestamp="06 Dec 2019 05:36:57 GMT" time="25.959" errors="0">
  <testcase name="Line" time="25.959" classname="qsp.Svg"/>
</testsuite> <!-- qsp.Svg -->
