<?xml version="1.0" encoding="UTF-8"?>
<!-- Generated by org.testng.reporters.JUnitReportReporter -->
<testsuite skipped="0" hostname="NANI" name="qsp.PopUp" tests="1" failures="0" timestamp="05 Dec 2019 06:06:54 GMT" time="62.454" errors="0">
  <testcase name="Popup" time="62.454" classname="qsp.PopUp"/>
</testsuite> <!-- qsp.PopUp -->
